<?xml version="1.0" encoding="UTF-8"?>
<testng-results ignored="0" total="4" passed="4" failed="0" skipped="0">
  <reporter-output>
  </reporter-output>
  <suite started-at="2024-04-02T11:46:30 IST" name="Default suite" finished-at="2024-04-02T11:47:48 IST" duration-ms="78292">
    <groups>
      <group name="cucumber">
        <method signature="AbstractTestNGCucumberTests.runScenario(io.cucumber.testng.PickleWrapper,io.cucumber.testng.FeatureWrapper)[pri:0, instance:Runner.runner@33ecda92]" name="runScenario" class="io.cucumber.testng.AbstractTestNGCucumberTests"/>
      </group> <!-- cucumber -->
    </groups>
    <test started-at="2024-04-02T11:46:30 IST" name="Default test" finished-at="2024-04-02T11:47:48 IST" duration-ms="78292">
      <class name="Runner.runner">
        <test-method is-config="true" signature="setUpClass(org.testng.ITestContext)[pri:0, instance:Runner.runner@33ecda92]" started-at="2024-04-02T11:46:30 IST" name="setUpClass" finished-at="2024-04-02T11:46:30 IST" duration-ms="336" status="PASS">
          <params>
            <param index="0">
              <value>
                <![CDATA[org.testng.TestRunner@67e0ff3a]]>
              </value>
            </param>
          </params>
          <reporter-output>
          </reporter-output>
        </test-method> <!-- setUpClass -->
        <test-method signature="runScenario(io.cucumber.testng.PickleWrapper,io.cucumber.testng.FeatureWrapper)[pri:0, instance:Runner.runner@33ecda92]" started-at="2024-04-02T11:46:30 IST" name="runScenario" description="Runs Cucumber Scenarios" data-provider="scenarios" finished-at="2024-04-02T11:46:44 IST" duration-ms="13724" status="PASS">
          <params>
            <param index="0">
              <value>
                <![CDATA["Bus Booking"]]>
              </value>
            </param>
            <param index="1">
              <value>
                <![CDATA["Ixigo"]]>
              </value>
            </param>
          </params>
          <reporter-output>
          </reporter-output>
        </test-method> <!-- runScenario -->
        <test-method signature="runScenario(io.cucumber.testng.PickleWrapper,io.cucumber.testng.FeatureWrapper)[pri:0, instance:Runner.runner@33ecda92]" started-at="2024-04-02T11:46:44 IST" name="runScenario" description="Runs Cucumber Scenarios" data-provider="scenarios" finished-at="2024-04-02T11:47:07 IST" duration-ms="22773" status="PASS">
          <params>
            <param index="0">
              <value>
                <![CDATA["Book Bus Tickets"]]>
              </value>
            </param>
            <param index="1">
              <value>
                <![CDATA["Ixigo"]]>
              </value>
            </param>
          </params>
          <reporter-output>
          </reporter-output>
        </test-method> <!-- runScenario -->
        <test-method signature="runScenario(io.cucumber.testng.PickleWrapper,io.cucumber.testng.FeatureWrapper)[pri:0, instance:Runner.runner@33ecda92]" started-at="2024-04-02T11:47:07 IST" name="runScenario" description="Runs Cucumber Scenarios" data-provider="scenarios" finished-at="2024-04-02T11:47:19 IST" duration-ms="12078" status="PASS">
          <params>
            <param index="0">
              <value>
                <![CDATA["Track Ticket"]]>
              </value>
            </param>
            <param index="1">
              <value>
                <![CDATA["Ixigo"]]>
              </value>
            </param>
          </params>
          <reporter-output>
          </reporter-output>
        </test-method> <!-- runScenario -->
        <test-method signature="runScenario(io.cucumber.testng.PickleWrapper,io.cucumber.testng.FeatureWrapper)[pri:0, instance:Runner.runner@33ecda92]" started-at="2024-04-02T11:47:19 IST" name="runScenario" description="Runs Cucumber Scenarios" data-provider="scenarios" finished-at="2024-04-02T11:47:47 IST" duration-ms="28550" status="PASS">
          <params>
            <param index="0">
              <value>
                <![CDATA["APSRTC Bus"]]>
              </value>
            </param>
            <param index="1">
              <value>
                <![CDATA["Ixigo"]]>
              </value>
            </param>
          </params>
          <reporter-output>
          </reporter-output>
        </test-method> <!-- runScenario -->
        <test-method is-config="true" signature="tearDownClass()[pri:0, instance:Runner.runner@33ecda92]" started-at="2024-04-02T11:47:47 IST" name="tearDownClass" finished-at="2024-04-02T11:47:48 IST" duration-ms="749" status="PASS">
          <reporter-output>
          </reporter-output>
        </test-method> <!-- tearDownClass -->
      </class> <!-- Runner.runner -->
    </test> <!-- Default test -->
  </suite> <!-- Default suite -->
</testng-results>
